1585735045738	mozrunner::runner	INFO	Running command: "C:\\Program Files\\Mozilla Firefox\\firefox.exe" "-marionette" "-foreground" "-no-remote" "-profile" "C:\\Users\\USAERN~1\\AppData\\Local\\Temp\\rust_mozprofiletxhjlT"
1585735048356	addons.webextension.doh-rollout@mozilla.org	WARN	Loading extension 'doh-rollout@mozilla.org': Reading manifest: Invalid extension permission: networkStatus
1585735048452	addons.webextension.screenshots@mozilla.org	WARN	Loading extension 'screenshots@mozilla.org': Reading manifest: Invalid extension permission: mozillaAddons
1585735048452	addons.webextension.screenshots@mozilla.org	WARN	Loading extension 'screenshots@mozilla.org': Reading manifest: Invalid extension permission: telemetry
1585735048453	addons.webextension.screenshots@mozilla.org	WARN	Loading extension 'screenshots@mozilla.org': Reading manifest: Invalid extension permission: resource://pdf.js/
1585735048453	addons.webextension.screenshots@mozilla.org	WARN	Loading extension 'screenshots@mozilla.org': Reading manifest: Invalid extension permission: about:reader*
JavaScript error: resource://gre/modules/XULStore.jsm, line 66: Error: Can't find profile directory.
1585735053243	Marionette	INFO	Listening on port 51425
1585735053448	Marionette	WARN	TLS certificate errors will be ignored for this session
JavaScript warning: https://confiant-integrations.global.ssl.fastly.net/gpt/202003301902/wrap.js, line 16: unreachable code after return statement
JavaScript warning: https://confiant-integrations.global.ssl.fastly.net/gpt/202003301902/wrap.js, line 16: unreachable code after return statement
JavaScript warning: https://confiant-integrations.global.ssl.fastly.net/gpt/202003301902/wrap.js, line 16: unreachable code after return statement
JavaScript warning: https://confiant-integrations.global.ssl.fastly.net/gpt/202003301902/wrap.js, line 16: unreachable code after return statement
JavaScript warning: https://confiant-integrations.global.ssl.fastly.net/gpt/202003301902/wrap.js, line 16: unreachable code after return statement
JavaScript warning: https://confiant-integrations.global.ssl.fastly.net/gpt/202003301902/wrap.js, line 16: unreachable code after return statement
JavaScript warning: https://confiant-integrations.global.ssl.fastly.net/gpt/202003301902/wrap.js, line 16: unreachable code after return statement
JavaScript warning: https://confiant-integrations.global.ssl.fastly.net/gpt/202003301902/wrap.js, line 16: unreachable code after return statement
1585735089589	Marionette	INFO	Stopped listening on port 51425
JavaScript error: https://eus.rubiconproject.com/usync.html?gdpr=0&gdpr_consent=, line 12: SecurityError: The operation is insecure.

###!!! [Child][MessageChannel::SendAndWait] Error: Channel error: cannot send/recv

1585735183320	mozrunner::runner	INFO	Running command: "C:\\Program Files\\Mozilla Firefox\\firefox.exe" "-marionette" "-foreground" "-no-remote" "-profile" "C:\\Users\\USAERN~1\\AppData\\Local\\Temp\\rust_mozprofileAEpk0m"
1585735185536	addons.webextension.doh-rollout@mozilla.org	WARN	Loading extension 'doh-rollout@mozilla.org': Reading manifest: Invalid extension permission: networkStatus
1585735185637	addons.webextension.screenshots@mozilla.org	WARN	Loading extension 'screenshots@mozilla.org': Reading manifest: Invalid extension permission: mozillaAddons
1585735185638	addons.webextension.screenshots@mozilla.org	WARN	Loading extension 'screenshots@mozilla.org': Reading manifest: Invalid extension permission: telemetry
1585735185638	addons.webextension.screenshots@mozilla.org	WARN	Loading extension 'screenshots@mozilla.org': Reading manifest: Invalid extension permission: resource://pdf.js/
1585735185638	addons.webextension.screenshots@mozilla.org	WARN	Loading extension 'screenshots@mozilla.org': Reading manifest: Invalid extension permission: about:reader*
JavaScript error: resource://gre/modules/XULStore.jsm, line 66: Error: Can't find profile directory.
1585735189858	Marionette	INFO	Listening on port 51690
1585735190024	Marionette	WARN	TLS certificate errors will be ignored for this session
JavaScript warning: https://confiant-integrations.global.ssl.fastly.net/gpt/202003301902/wrap.js, line 16: unreachable code after return statement
JavaScript warning: https://confiant-integrations.global.ssl.fastly.net/gpt/202003301902/wrap.js, line 16: unreachable code after return statement
JavaScript warning: https://confiant-integrations.global.ssl.fastly.net/gpt/202003301902/wrap.js, line 16: unreachable code after return statement
JavaScript warning: https://confiant-integrations.global.ssl.fastly.net/gpt/202003301902/wrap.js, line 16: unreachable code after return statement
JavaScript warning: https://confiant-integrations.global.ssl.fastly.net/gpt/202003301902/wrap.js, line 16: unreachable code after return statement
JavaScript warning: https://confiant-integrations.global.ssl.fastly.net/gpt/202003301902/wrap.js, line 16: unreachable code after return statement
JavaScript warning: https://confiant-integrations.global.ssl.fastly.net/gpt/202003301902/wrap.js, line 16: unreachable code after return statement
1585735268777	Marionette	INFO	Stopped listening on port 51690
JavaScript error: https://eus.rubiconproject.com/usync.html?gdpr=0&gdpr_consent=, line 12: SecurityError: The operation is insecure.
1585735375531	mozrunner::runner	INFO	Running command: "C:\\Program Files\\Mozilla Firefox\\firefox.exe" "-marionette" "-foreground" "-no-remote" "-profile" "C:\\Users\\USAERN~1\\AppData\\Local\\Temp\\rust_mozprofileyBuDB6"
1585735377779	addons.webextension.doh-rollout@mozilla.org	WARN	Loading extension 'doh-rollout@mozilla.org': Reading manifest: Invalid extension permission: networkStatus
1585735377860	addons.webextension.screenshots@mozilla.org	WARN	Loading extension 'screenshots@mozilla.org': Reading manifest: Invalid extension permission: mozillaAddons
1585735377860	addons.webextension.screenshots@mozilla.org	WARN	Loading extension 'screenshots@mozilla.org': Reading manifest: Invalid extension permission: telemetry
1585735377860	addons.webextension.screenshots@mozilla.org	WARN	Loading extension 'screenshots@mozilla.org': Reading manifest: Invalid extension permission: resource://pdf.js/
1585735377861	addons.webextension.screenshots@mozilla.org	WARN	Loading extension 'screenshots@mozilla.org': Reading manifest: Invalid extension permission: about:reader*
JavaScript error: resource://gre/modules/XULStore.jsm, line 66: Error: Can't find profile directory.
1585735382545	Marionette	INFO	Listening on port 51988
1585735382891	Marionette	WARN	TLS certificate errors will be ignored for this session
JavaScript warning: https://confiant-integrations.global.ssl.fastly.net/gpt/202003301902/wrap.js, line 16: unreachable code after return statement
JavaScript warning: https://confiant-integrations.global.ssl.fastly.net/gpt/202003301902/wrap.js, line 16: unreachable code after return statement
JavaScript warning: https://confiant-integrations.global.ssl.fastly.net/gpt/202003301902/wrap.js, line 16: unreachable code after return statement
JavaScript warning: https://confiant-integrations.global.ssl.fastly.net/gpt/202003301902/wrap.js, line 16: unreachable code after return statement
JavaScript warning: https://confiant-integrations.global.ssl.fastly.net/gpt/202003301902/wrap.js, line 16: unreachable code after return statement
JavaScript warning: https://confiant-integrations.global.ssl.fastly.net/gpt/202003301902/wrap.js, line 16: unreachable code after return statement
JavaScript warning: https://confiant-integrations.global.ssl.fastly.net/gpt/202003301902/wrap.js, line 16: unreachable code after return statement
JavaScript error: https://eus.rubiconproject.com/usync.html?gdpr=0&gdpr_consent=, line 12: SecurityError: The operation is insecure.
IPDL protocol error: Handler returned error code!

###!!! [Parent][DispatchAsyncMessage] Error: PLayerTransaction::Msg_ReleaseLayer Processing error: message was deserialized, but the handler returned false (indicating failure)

1585735460124	Marionette	INFO	Stopped listening on port 51988
1585735639361	mozrunner::runner	INFO	Running command: "C:\\Program Files\\Mozilla Firefox\\firefox.exe" "-marionette" "-foreground" "-no-remote" "-profile" "C:\\Users\\USAERN~1\\AppData\\Local\\Temp\\rust_mozprofilekaqScm"
1585735641163	addons.webextension.doh-rollout@mozilla.org	WARN	Loading extension 'doh-rollout@mozilla.org': Reading manifest: Invalid extension permission: networkStatus
1585735641270	addons.webextension.screenshots@mozilla.org	WARN	Loading extension 'screenshots@mozilla.org': Reading manifest: Invalid extension permission: mozillaAddons
1585735641270	addons.webextension.screenshots@mozilla.org	WARN	Loading extension 'screenshots@mozilla.org': Reading manifest: Invalid extension permission: telemetry
1585735641271	addons.webextension.screenshots@mozilla.org	WARN	Loading extension 'screenshots@mozilla.org': Reading manifest: Invalid extension permission: resource://pdf.js/
1585735641271	addons.webextension.screenshots@mozilla.org	WARN	Loading extension 'screenshots@mozilla.org': Reading manifest: Invalid extension permission: about:reader*
JavaScript error: resource://gre/modules/XULStore.jsm, line 66: Error: Can't find profile directory.
1585735646888	Marionette	INFO	Listening on port 52423
1585735647220	Marionette	WARN	TLS certificate errors will be ignored for this session
JavaScript warning: https://confiant-integrations.global.ssl.fastly.net/gpt/202003301902/wrap.js, line 16: unreachable code after return statement
JavaScript warning: https://confiant-integrations.global.ssl.fastly.net/gpt/202003301902/wrap.js, line 16: unreachable code after return statement
JavaScript warning: https://confiant-integrations.global.ssl.fastly.net/gpt/202003301902/wrap.js, line 16: unreachable code after return statement
JavaScript warning: https://confiant-integrations.global.ssl.fastly.net/gpt/202003301902/wrap.js, line 16: unreachable code after return statement
JavaScript warning: https://confiant-integrations.global.ssl.fastly.net/gpt/202003301902/wrap.js, line 16: unreachable code after return statement
JavaScript warning: https://confiant-integrations.global.ssl.fastly.net/gpt/202003301902/wrap.js, line 16: unreachable code after return statement
JavaScript warning: https://confiant-integrations.global.ssl.fastly.net/gpt/202003301902/wrap.js, line 16: unreachable code after return statement
1585735680305	Marionette	INFO	Stopped listening on port 52423
JavaScript error: https://eus.rubiconproject.com/usync.html?gdpr=0&gdpr_consent=, line 12: SecurityError: The operation is insecure.
[Parent 4912, Gecko_IOThread] WARNING: file z:/task_1578431972/build/src/ipc/chromium/src/base/process_util_win.cc, line 160

###!!! [Child][RunMessage] Error: Channel closing: too late to send/recv, messages will be lost

1585735700297	mozrunner::runner	INFO	Running command: "C:\\Program Files\\Mozilla Firefox\\firefox.exe" "-marionette" "-foreground" "-no-remote" "-profile" "C:\\Users\\USAERN~1\\AppData\\Local\\Temp\\rust_mozprofilejOIVi3"
1585735711376	mozrunner::runner	INFO	Running command: "C:\\Program Files\\Mozilla Firefox\\firefox.exe" "-marionette" "-foreground" "-no-remote" "-profile" "C:\\Users\\USAERN~1\\AppData\\Local\\Temp\\rust_mozprofileNGXEbp"
1585735713356	addons.webextension.doh-rollout@mozilla.org	WARN	Loading extension 'doh-rollout@mozilla.org': Reading manifest: Invalid extension permission: networkStatus
1585735713440	addons.webextension.screenshots@mozilla.org	WARN	Loading extension 'screenshots@mozilla.org': Reading manifest: Invalid extension permission: mozillaAddons
1585735713440	addons.webextension.screenshots@mozilla.org	WARN	Loading extension 'screenshots@mozilla.org': Reading manifest: Invalid extension permission: telemetry
1585735713440	addons.webextension.screenshots@mozilla.org	WARN	Loading extension 'screenshots@mozilla.org': Reading manifest: Invalid extension permission: resource://pdf.js/
1585735713441	addons.webextension.screenshots@mozilla.org	WARN	Loading extension 'screenshots@mozilla.org': Reading manifest: Invalid extension permission: about:reader*
JavaScript error: resource://gre/modules/XULStore.jsm, line 66: Error: Can't find profile directory.
1585735718555	Marionette	INFO	Listening on port 52756
1585735718836	Marionette	WARN	TLS certificate errors will be ignored for this session
JavaScript warning: https://confiant-integrations.global.ssl.fastly.net/gpt/202003301902/wrap.js, line 16: unreachable code after return statement
JavaScript warning: https://confiant-integrations.global.ssl.fastly.net/gpt/202003301902/wrap.js, line 16: unreachable code after return statement
JavaScript warning: https://confiant-integrations.global.ssl.fastly.net/gpt/202003301902/wrap.js, line 16: unreachable code after return statement
JavaScript warning: https://confiant-integrations.global.ssl.fastly.net/gpt/202003301902/wrap.js, line 16: unreachable code after return statement
JavaScript warning: https://confiant-integrations.global.ssl.fastly.net/gpt/202003301902/wrap.js, line 16: unreachable code after return statement
JavaScript warning: https://confiant-integrations.global.ssl.fastly.net/gpt/202003301902/wrap.js, line 16: unreachable code after return statement
JavaScript warning: https://confiant-integrations.global.ssl.fastly.net/gpt/202003301902/wrap.js, line 16: unreachable code after return statement
JavaScript error: https://eus.rubiconproject.com/usync.html?gdpr=0&gdpr_consent=, line 12: SecurityError: The operation is insecure.
JavaScript error: chrome://marionette/content/proxy.js, line 222: TypeError: this.browser.driver.dialogObserver is null

###!!! [Child][RunMessage] Error: Channel closing: too late to send/recv, messages will be lost


###!!! [Child][RunMessage] Error: Channel closing: too late to send/recv, messages will be lost


###!!! [Child][RunMessage] Error: Channel closing: too late to send/recv, messages will be lost

[Parent 2732, Gecko_IOThread] WARNING: file z:/task_1578431972/build/src/ipc/chromium/src/base/process_util_win.cc, line 160
1585735763707	Marionette	INFO	Stopped listening on port 52756

###!!! [Child][RunMessage] Error: Channel closing: too late to send/recv, messages will be lost

1585736310571	mozrunner::runner	INFO	Running command: "C:\\Program Files\\Mozilla Firefox\\firefox.exe" "-marionette" "-foreground" "-no-remote" "-profile" "C:\\Users\\USAERN~1\\AppData\\Local\\Temp\\rust_mozprofileaSiDgA"
1585736319776	mozrunner::runner	INFO	Running command: "C:\\Program Files\\Mozilla Firefox\\firefox.exe" "-marionette" "-foreground" "-no-remote" "-profile" "C:\\Users\\USAERN~1\\AppData\\Local\\Temp\\rust_mozprofilez88xEX"
1585736335201	mozrunner::runner	INFO	Running command: "C:\\Program Files\\Mozilla Firefox\\firefox.exe" "-marionette" "-foreground" "-no-remote" "-profile" "C:\\Users\\USAERN~1\\AppData\\Local\\Temp\\rust_mozprofileoCBklJ"
1585736336604	addons.webextension.doh-rollout@mozilla.org	WARN	Loading extension 'doh-rollout@mozilla.org': Reading manifest: Invalid extension permission: networkStatus
1585736336875	addons.webextension.screenshots@mozilla.org	WARN	Loading extension 'screenshots@mozilla.org': Reading manifest: Invalid extension permission: mozillaAddons
1585736336876	addons.webextension.screenshots@mozilla.org	WARN	Loading extension 'screenshots@mozilla.org': Reading manifest: Invalid extension permission: telemetry
1585736336876	addons.webextension.screenshots@mozilla.org	WARN	Loading extension 'screenshots@mozilla.org': Reading manifest: Invalid extension permission: resource://pdf.js/
1585736336876	addons.webextension.screenshots@mozilla.org	WARN	Loading extension 'screenshots@mozilla.org': Reading manifest: Invalid extension permission: about:reader*
JavaScript error: resource://gre/modules/XULStore.jsm, line 66: Error: Can't find profile directory.
1585736342135	Marionette	INFO	Listening on port 53219
1585736342528	Marionette	WARN	TLS certificate errors will be ignored for this session
JavaScript warning: https://confiant-integrations.global.ssl.fastly.net/gpt/202003301902/wrap.js, line 16: unreachable code after return statement
JavaScript warning: https://confiant-integrations.global.ssl.fastly.net/gpt/202003301902/wrap.js, line 16: unreachable code after return statement
JavaScript warning: https://confiant-integrations.global.ssl.fastly.net/gpt/202003301902/wrap.js, line 16: unreachable code after return statement
JavaScript warning: https://confiant-integrations.global.ssl.fastly.net/gpt/202003301902/wrap.js, line 16: unreachable code after return statement
JavaScript warning: https://confiant-integrations.global.ssl.fastly.net/gpt/202003301902/wrap.js, line 16: unreachable code after return statement
JavaScript warning: https://confiant-integrations.global.ssl.fastly.net/gpt/202003301902/wrap.js, line 16: unreachable code after return statement

###!!! [Child][MessageChannel] Error: (msgtype=0x370126,name=PContent::Msg_ScriptError) Channel closing: too late to send/recv, messages will be lost


###!!! [Child][RunMessage] Error: Channel closing: too late to send/recv, messages will be lost


###!!! [Child][RunMessage] Error: Channel closing: too late to send/recv, messages will be lost


###!!! [Child][RunMessage] Error: Channel closing: too late to send/recv, messages will be lost

[Parent 7660, Gecko_IOThread] WARNING: file z:/task_1578431972/build/src/ipc/chromium/src/base/process_util_win.cc, line 160
1585736374064	Marionette	INFO	Stopped listening on port 53219

###!!! [Child][RunMessage] Error: Channel closing: too late to send/recv, messages will be lost

1585736466874	mozrunner::runner	INFO	Running command: "C:\\Program Files\\Mozilla Firefox\\firefox.exe" "-marionette" "-foreground" "-no-remote" "-profile" "C:\\Users\\USAERN~1\\AppData\\Local\\Temp\\rust_mozprofileEEPdNQ"
1585736479251	mozrunner::runner	INFO	Running command: "C:\\Program Files\\Mozilla Firefox\\firefox.exe" "-marionette" "-foreground" "-no-remote" "-profile" "C:\\Users\\USAERN~1\\AppData\\Local\\Temp\\rust_mozprofileHBcl6F"
1585736480629	addons.webextension.doh-rollout@mozilla.org	WARN	Loading extension 'doh-rollout@mozilla.org': Reading manifest: Invalid extension permission: networkStatus
1585736480949	addons.webextension.screenshots@mozilla.org	WARN	Loading extension 'screenshots@mozilla.org': Reading manifest: Invalid extension permission: mozillaAddons
1585736480950	addons.webextension.screenshots@mozilla.org	WARN	Loading extension 'screenshots@mozilla.org': Reading manifest: Invalid extension permission: telemetry
1585736480950	addons.webextension.screenshots@mozilla.org	WARN	Loading extension 'screenshots@mozilla.org': Reading manifest: Invalid extension permission: resource://pdf.js/
1585736480950	addons.webextension.screenshots@mozilla.org	WARN	Loading extension 'screenshots@mozilla.org': Reading manifest: Invalid extension permission: about:reader*
JavaScript error: resource://gre/modules/XULStore.jsm, line 66: Error: Can't find profile directory.
1585736485550	Marionette	INFO	Listening on port 53407
1585736485935	Marionette	WARN	TLS certificate errors will be ignored for this session
1585736485963	Marionette	INFO	Proxy settings initialised: {"proxyType":"manual","ftpProxy":"136.244.102.208:3128","httpProxy":"136.244.102.208:3128","sslProxy":"136.244.102.208:3128"}
1585736514370	Marionette	INFO	Stopped listening on port 53407

###!!! [Child][RunMessage] Error: Channel closing: too late to send/recv, messages will be lost

1585737208908	mozrunner::runner	INFO	Running command: "C:\\Program Files\\Mozilla Firefox\\firefox.exe" "-marionette" "-foreground" "-no-remote" "-profile" "C:\\Users\\USAERN~1\\AppData\\Local\\Temp\\rust_mozprofileArtKPD"
1585737217156	mozrunner::runner	INFO	Running command: "C:\\Program Files\\Mozilla Firefox\\firefox.exe" "-marionette" "-foreground" "-no-remote" "-profile" "C:\\Users\\USAERN~1\\AppData\\Local\\Temp\\rust_mozprofile0bcYWh"
1585737234297	mozrunner::runner	INFO	Running command: "C:\\Program Files\\Mozilla Firefox\\firefox.exe" "-marionette" "-foreground" "-no-remote" "-profile" "C:\\Users\\USAERN~1\\AppData\\Local\\Temp\\rust_mozprofilepwBHZ5"
1585737236052	addons.webextension.doh-rollout@mozilla.org	WARN	Loading extension 'doh-rollout@mozilla.org': Reading manifest: Invalid extension permission: networkStatus
1585737236338	addons.webextension.screenshots@mozilla.org	WARN	Loading extension 'screenshots@mozilla.org': Reading manifest: Invalid extension permission: mozillaAddons
1585737236338	addons.webextension.screenshots@mozilla.org	WARN	Loading extension 'screenshots@mozilla.org': Reading manifest: Invalid extension permission: telemetry
1585737236339	addons.webextension.screenshots@mozilla.org	WARN	Loading extension 'screenshots@mozilla.org': Reading manifest: Invalid extension permission: resource://pdf.js/
1585737236339	addons.webextension.screenshots@mozilla.org	WARN	Loading extension 'screenshots@mozilla.org': Reading manifest: Invalid extension permission: about:reader*
JavaScript error: resource://gre/modules/XULStore.jsm, line 66: Error: Can't find profile directory.
1585737241550	Marionette	INFO	Listening on port 53694
1585737242056	Marionette	WARN	TLS certificate errors will be ignored for this session
1585737242084	Marionette	INFO	Proxy settings initialised: {"proxyType":"manual","ftpProxy":"136.244.102.208:3128","httpProxy":"136.244.102.208:3128","sslProxy":"136.244.102.208:3128"}
JavaScript error: chrome://marionette/content/proxy.js, line 222: TypeError: this.browser.driver.dialogObserver is null

###!!! [Child][RunMessage] Error: Channel closing: too late to send/recv, messages will be lost


###!!! [Child][RunMessage] Error: Channel closing: too late to send/recv, messages will be lost

JavaScript error: resource://gre/modules/IndexedDB.jsm, line 370: UnknownError: The operation failed for reasons unrelated to the database itself and not covered by any other error code.
1585737408587	Marionette	INFO	Stopped listening on port 53694
1585737426353	mozrunner::runner	INFO	Running command: "C:\\Program Files\\Mozilla Firefox\\firefox.exe" "-marionette" "-foreground" "-no-remote" "-profile" "C:\\Users\\USAERN~1\\AppData\\Local\\Temp\\rust_mozprofileX8FHmJ"
1585737615043	mozrunner::runner	INFO	Running command: "C:\\Program Files\\Mozilla Firefox\\firefox.exe" "-marionette" "-foreground" "-no-remote" "-profile" "C:\\Users\\USAERN~1\\AppData\\Local\\Temp\\rust_mozprofilepLcI89"
1585738008330	mozrunner::runner	INFO	Running command: "C:\\Program Files\\Mozilla Firefox\\firefox.exe" "-marionette" "-foreground" "-no-remote" "-profile" "C:\\Users\\USAERN~1\\AppData\\Local\\Temp\\rust_mozprofile7f83RP"
1585738009774	addons.webextension.doh-rollout@mozilla.org	WARN	Loading extension 'doh-rollout@mozilla.org': Reading manifest: Invalid extension permission: networkStatus
1585738010091	addons.webextension.screenshots@mozilla.org	WARN	Loading extension 'screenshots@mozilla.org': Reading manifest: Invalid extension permission: mozillaAddons
1585738010091	addons.webextension.screenshots@mozilla.org	WARN	Loading extension 'screenshots@mozilla.org': Reading manifest: Invalid extension permission: telemetry
1585738010092	addons.webextension.screenshots@mozilla.org	WARN	Loading extension 'screenshots@mozilla.org': Reading manifest: Invalid extension permission: resource://pdf.js/
1585738010092	addons.webextension.screenshots@mozilla.org	WARN	Loading extension 'screenshots@mozilla.org': Reading manifest: Invalid extension permission: about:reader*
JavaScript error: resource://gre/modules/XULStore.jsm, line 66: Error: Can't find profile directory.
1585738015345	Marionette	INFO	Listening on port 53940
1585738015580	Marionette	WARN	TLS certificate errors will be ignored for this session
1585738015605	Marionette	INFO	Proxy settings initialised: {"proxyType":"manual","ftpProxy":"136.244.102.208:3128","httpProxy":"136.244.102.208:3128","sslProxy":"136.244.102.208:3128"}
[Parent 7108, Gecko_IOThread] WARNING: file z:/task_1579290903/build/src/ipc/chromium/src/base/process_util_win.cc, line 160
JavaScript error: , line 0: AbortError: A request was aborted, for example through a call to IDBTransaction.abort.
1585738104852	Marionette	INFO	Stopped listening on port 53940

###!!! [Child][RunMessage] Error: Channel closing: too late to send/recv, messages will be lost

1585738120460	mozrunner::runner	INFO	Running command: "C:\\Program Files\\Mozilla Firefox\\firefox.exe" "-marionette" "-foreground" "-no-remote" "-profile" "C:\\Users\\USAERN~1\\AppData\\Local\\Temp\\rust_mozprofileocQygO"
1585738121922	addons.webextension.doh-rollout@mozilla.org	WARN	Loading extension 'doh-rollout@mozilla.org': Reading manifest: Invalid extension permission: networkStatus
1585738122228	addons.webextension.screenshots@mozilla.org	WARN	Loading extension 'screenshots@mozilla.org': Reading manifest: Invalid extension permission: mozillaAddons
1585738122229	addons.webextension.screenshots@mozilla.org	WARN	Loading extension 'screenshots@mozilla.org': Reading manifest: Invalid extension permission: telemetry
1585738122229	addons.webextension.screenshots@mozilla.org	WARN	Loading extension 'screenshots@mozilla.org': Reading manifest: Invalid extension permission: resource://pdf.js/
1585738122230	addons.webextension.screenshots@mozilla.org	WARN	Loading extension 'screenshots@mozilla.org': Reading manifest: Invalid extension permission: about:reader*
JavaScript error: resource://gre/modules/XULStore.jsm, line 66: Error: Can't find profile directory.
1585738127230	Marionette	INFO	Listening on port 54063
1585738127352	Marionette	WARN	TLS certificate errors will be ignored for this session
1585738127379	Marionette	INFO	Proxy settings initialised: {"proxyType":"manual","ftpProxy":"136.244.102.208:3128","httpProxy":"136.244.102.208:3128","sslProxy":"136.244.102.208:3128"}

###!!! [Child][RunMessage] Error: Channel closing: too late to send/recv, messages will be lost


###!!! [Child][RunMessage] Error: Channel closing: too late to send/recv, messages will be lost


###!!! [Child][RunMessage] Error: Channel closing: too late to send/recv, messages will be lost


###!!! [Child][RunMessage] Error: Channel closing: too late to send/recv, messages will be lost


###!!! [Child][RunMessage] Error: Channel closing: too late to send/recv, messages will be lost

[Parent 6940, Gecko_IOThread] WARNING: file z:/task_1579290903/build/src/ipc/chromium/src/base/process_util_win.cc, line 160
1585738150821	mozrunner::runner	INFO	Running command: "C:\\Program Files\\Mozilla Firefox\\firefox.exe" "-marionette" "-foreground" "-no-remote" "-profile" "C:\\Users\\USAERN~1\\AppData\\Local\\Temp\\rust_mozprofileSapgcv"
1585738152462	addons.webextension.doh-rollout@mozilla.org	WARN	Loading extension 'doh-rollout@mozilla.org': Reading manifest: Invalid extension permission: networkStatus
1585738152773	addons.webextension.screenshots@mozilla.org	WARN	Loading extension 'screenshots@mozilla.org': Reading manifest: Invalid extension permission: mozillaAddons
1585738152773	addons.webextension.screenshots@mozilla.org	WARN	Loading extension 'screenshots@mozilla.org': Reading manifest: Invalid extension permission: telemetry
1585738152774	addons.webextension.screenshots@mozilla.org	WARN	Loading extension 'screenshots@mozilla.org': Reading manifest: Invalid extension permission: resource://pdf.js/
1585738152774	addons.webextension.screenshots@mozilla.org	WARN	Loading extension 'screenshots@mozilla.org': Reading manifest: Invalid extension permission: about:reader*
JavaScript error: resource://gre/modules/XULStore.jsm, line 66: Error: Can't find profile directory.
1585738157126	Marionette	INFO	Listening on port 54113
1585738157619	Marionette	WARN	TLS certificate errors will be ignored for this session
1585738157645	Marionette	INFO	Proxy settings initialised: {"proxyType":"manual","ftpProxy":"136.244.102.208:3128","httpProxy":"136.244.102.208:3128","sslProxy":"136.244.102.208:3128"}
console.warn: LoginRecipes: "getRecipes: falling back to a synchronous message for:" "https://www.instagram.com"
JavaScript error: , line 0: AbortError: A request was aborted, for example through a call to IDBTransaction.abort.
1585738297239	Marionette	INFO	Stopped listening on port 54113

###!!! [Child][RunMessage] Error: Channel closing: too late to send/recv, messages will be lost

1585738301724	mozrunner::runner	INFO	Running command: "C:\\Program Files\\Mozilla Firefox\\firefox.exe" "-marionette" "-foreground" "-no-remote" "-profile" "C:\\Users\\USAERN~1\\AppData\\Local\\Temp\\rust_mozprofileVgIEpV"
1585738303195	addons.webextension.doh-rollout@mozilla.org	WARN	Loading extension 'doh-rollout@mozilla.org': Reading manifest: Invalid extension permission: networkStatus
1585738303512	addons.webextension.screenshots@mozilla.org	WARN	Loading extension 'screenshots@mozilla.org': Reading manifest: Invalid extension permission: mozillaAddons
1585738303512	addons.webextension.screenshots@mozilla.org	WARN	Loading extension 'screenshots@mozilla.org': Reading manifest: Invalid extension permission: telemetry
1585738303513	addons.webextension.screenshots@mozilla.org	WARN	Loading extension 'screenshots@mozilla.org': Reading manifest: Invalid extension permission: resource://pdf.js/
1585738303513	addons.webextension.screenshots@mozilla.org	WARN	Loading extension 'screenshots@mozilla.org': Reading manifest: Invalid extension permission: about:reader*
JavaScript error: resource://gre/modules/XULStore.jsm, line 66: Error: Can't find profile directory.
1585738307922	Marionette	INFO	Listening on port 54182
1585738308125	Marionette	WARN	TLS certificate errors will be ignored for this session
1585738308148	Marionette	INFO	Proxy settings initialised: {"proxyType":"manual","ftpProxy":"136.244.102.208:3128","httpProxy":"136.244.102.208:3128","sslProxy":"136.244.102.208:3128"}
1585738337354	Marionette	INFO	Stopped listening on port 54182
[Parent 4940, Gecko_IOThread] WARNING: file z:/task_1579290903/build/src/ipc/chromium/src/base/process_util_win.cc, line 160

###!!! [Child][RunMessage] Error: Channel closing: too late to send/recv, messages will be lost

[2020-04-01T10:52:24Z ERROR bitsdownload::bits_interface::monitor] Unable to dispatch to thread: NS_ERROR_ILLEGAL_DURING_SHUTDOWN
1585738836502	mozrunner::runner	INFO	Running command: "C:\\Program Files\\Mozilla Firefox\\firefox.exe" "-marionette" "-foreground" "-no-remote" "-profile" "C:\\Users\\USAERN~1\\AppData\\Local\\Temp\\rust_mozprofileykWN7U"
1585738837973	addons.webextension.doh-rollout@mozilla.org	WARN	Loading extension 'doh-rollout@mozilla.org': Reading manifest: Invalid extension permission: networkStatus
1585738838288	addons.webextension.screenshots@mozilla.org	WARN	Loading extension 'screenshots@mozilla.org': Reading manifest: Invalid extension permission: mozillaAddons
1585738838289	addons.webextension.screenshots@mozilla.org	WARN	Loading extension 'screenshots@mozilla.org': Reading manifest: Invalid extension permission: telemetry
1585738838289	addons.webextension.screenshots@mozilla.org	WARN	Loading extension 'screenshots@mozilla.org': Reading manifest: Invalid extension permission: resource://pdf.js/
1585738838290	addons.webextension.screenshots@mozilla.org	WARN	Loading extension 'screenshots@mozilla.org': Reading manifest: Invalid extension permission: about:reader*
JavaScript error: resource://gre/modules/XULStore.jsm, line 66: Error: Can't find profile directory.
1585738843448	Marionette	INFO	Listening on port 54477
1585738843939	Marionette	WARN	TLS certificate errors will be ignored for this session
1585738843965	Marionette	INFO	Proxy settings initialised: {"proxyType":"manual","ftpProxy":"136.244.102.208:3128","httpProxy":"136.244.102.208:3128","sslProxy":"136.244.102.208:3128"}
console.warn: LoginRecipes: "getRecipes: falling back to a synchronous message for:" "https://temp-mail.org"
1585738879426	Marionette	INFO	Stopped listening on port 54477
[2020-04-01T11:01:32Z ERROR bitsdownload::bits_interface::monitor] Unable to dispatch to thread: NS_ERROR_ILLEGAL_DURING_SHUTDOWN
1585738899871	mozrunner::runner	INFO	Running command: "C:\\Program Files\\Mozilla Firefox\\firefox.exe" "-marionette" "-foreground" "-no-remote" "-profile" "C:\\Users\\USAERN~1\\AppData\\Local\\Temp\\rust_mozprofilepwpGKK"
1585738901168	addons.webextension.doh-rollout@mozilla.org	WARN	Loading extension 'doh-rollout@mozilla.org': Reading manifest: Invalid extension permission: networkStatus
1585738901493	addons.webextension.screenshots@mozilla.org	WARN	Loading extension 'screenshots@mozilla.org': Reading manifest: Invalid extension permission: mozillaAddons
1585738901493	addons.webextension.screenshots@mozilla.org	WARN	Loading extension 'screenshots@mozilla.org': Reading manifest: Invalid extension permission: telemetry
1585738901494	addons.webextension.screenshots@mozilla.org	WARN	Loading extension 'screenshots@mozilla.org': Reading manifest: Invalid extension permission: resource://pdf.js/
1585738901494	addons.webextension.screenshots@mozilla.org	WARN	Loading extension 'screenshots@mozilla.org': Reading manifest: Invalid extension permission: about:reader*
JavaScript error: resource://gre/modules/XULStore.jsm, line 66: Error: Can't find profile directory.
1585738905711	Marionette	INFO	Listening on port 54638
1585738906200	Marionette	WARN	TLS certificate errors will be ignored for this session
1585738906225	Marionette	INFO	Proxy settings initialised: {"proxyType":"manual","ftpProxy":"136.244.102.208:3128","httpProxy":"136.244.102.208:3128","sslProxy":"136.244.102.208:3128"}
console.warn: LoginRecipes: "getRecipes: falling back to a synchronous message for:" "https://temp-mail.org"
1585738939482	Marionette	INFO	Stopped listening on port 54638
console.warn: "Inspector destroyed while executing onReflow callback"
console.error: "Could not get the list of font families" (new Error("Connection closed, pending request to server0.conn0.child1/pagestyle27, type getUsedFontFaces failed\n\nRequest stack:\nrequest@resource://devtools/shared/protocol/Front.js:214:14\ngenerateRequestMethods/</frontProto[name]@resource://devtools/shared/protocol/Front/FrontClassWithSpec.js:49:19\ngetUsedFontFamilies/</<@resource://devtools/client/inspector/rules/models/element-style.js:233:46\nobserve@resource://gre/modules/AsyncShutdown.jsm:551:16\nGeckoDriver.prototype.quit@chrome://marionette/content/driver.js:3471:20\ndespatch@chrome://marionette/content/server.js:305:40\nexecute@chrome://marionette/content/server.js:275:16\nonPacket/<@chrome://marionette/content/server.js:248:20\nonPacket@chrome://marionette/content/server.js:249:9\n_onJSONObjectReady/<@chrome://marionette/content/transport.js:501:20\n", "resource://devtools/shared/protocol/Front.js", 68))
IPDL protocol error: Handler returned error code!

###!!! [Parent][DispatchAsyncMessage] Error: PLayerTransaction::Msg_ReleaseLayer Processing error: message was deserialized, but the handler returned false (indicating failure)

SourceActor threw an exception: Error: Failed to fetch https://vidstat.taboola.com/vpaid/units/27_5_0/infra/cmTagFEED_MANAGER.js. Code 2152398868.
Stack: onResponse@resource://devtools/shared/DevToolsUtils.js:568:16
onStopRequest@resource://gre/modules/NetUtil.jsm:128:18
Line: 568, column: 16
console.error: (new Error("Failed to fetch https://vidstat.taboola.com/vpaid/units/27_5_0/infra/cmTagFEED_MANAGER.js. Code 2152398868.", "resource://devtools/shared/DevToolsUtils.js", 568))
IPDL protocol error: Handler returned error code!

###!!! [Parent][DispatchAsyncMessage] Error: PLayerTransaction::Msg_ReleaseLayer Processing error: message was deserialized, but the handler returned false (indicating failure)

IPDL protocol error: Handler returned error code!

###!!! [Parent][DispatchAsyncMessage] Error: PLayerTransaction::Msg_ReleaseLayer Processing error: message was deserialized, but the handler returned false (indicating failure)

IPDL protocol error: Handler returned error code!

###!!! [Parent][DispatchAsyncMessage] Error: PLayerTransaction::Msg_ReleaseLayer Processing error: message was deserialized, but the handler returned false (indicating failure)

IPDL protocol error: Handler returned error code!

###!!! [Parent][DispatchAsyncMessage] Error: PLayerTransaction::Msg_ReleaseLayer Processing error: message was deserialized, but the handler returned false (indicating failure)

SourceActor threw an exception: Error: Failed to fetch https://pixel.advertising.com/ups/58166/sync?gdpr=1&uid=&_origin=1&redir=true. Code 2147500036.
Stack: onResponse@resource://devtools/shared/DevToolsUtils.js:568:16
onStopRequest@resource://gre/modules/NetUtil.jsm:128:18
Line: 568, column: 16
console.error: (new Error("Failed to fetch https://pixel.advertising.com/ups/58166/sync?gdpr=1&uid=&_origin=1&redir=true. Code 2147500036.", "resource://devtools/shared/DevToolsUtils.js", 568))
JavaScript error: resource://devtools/shared/DevToolsUtils.js, line 568: Error: Failed to fetch https://vidstat.taboola.com/vpaid/units/27_5_0/infra/cmTagFEED_MANAGER.js. Code 2152398868.
JavaScript error: resource://devtools/shared/DevToolsUtils.js, line 568: Error: Failed to fetch https://pixel.advertising.com/ups/58166/sync?gdpr=1&uid=&_origin=1&redir=true. Code 2147500036.
1585738954575	mozrunner::runner	INFO	Running command: "C:\\Program Files\\Mozilla Firefox\\firefox.exe" "-marionette" "-foreground" "-no-remote" "-profile" "C:\\Users\\USAERN~1\\AppData\\Local\\Temp\\rust_mozprofilecFVi4q"
1585738956486	addons.webextension.doh-rollout@mozilla.org	WARN	Loading extension 'doh-rollout@mozilla.org': Reading manifest: Invalid extension permission: networkStatus
1585738956810	addons.webextension.screenshots@mozilla.org	WARN	Loading extension 'screenshots@mozilla.org': Reading manifest: Invalid extension permission: mozillaAddons
1585738956810	addons.webextension.screenshots@mozilla.org	WARN	Loading extension 'screenshots@mozilla.org': Reading manifest: Invalid extension permission: telemetry
1585738956810	addons.webextension.screenshots@mozilla.org	WARN	Loading extension 'screenshots@mozilla.org': Reading manifest: Invalid extension permission: resource://pdf.js/
1585738956811	addons.webextension.screenshots@mozilla.org	WARN	Loading extension 'screenshots@mozilla.org': Reading manifest: Invalid extension permission: about:reader*
JavaScript error: resource://gre/modules/XULStore.jsm, line 66: Error: Can't find profile directory.
1585738961694	Marionette	INFO	Listening on port 54805
1585738962043	Marionette	WARN	TLS certificate errors will be ignored for this session
1585738962067	Marionette	INFO	Proxy settings initialised: {"proxyType":"manual","ftpProxy":"136.244.102.208:3128","httpProxy":"136.244.102.208:3128","sslProxy":"136.244.102.208:3128"}
console.warn: LoginRecipes: "getRecipes: falling back to a synchronous message for:" "https://temp-mail.org"
console.error: "Error while calling actor 'layout's method 'getGrids'" "node is null"
console.error: "getGrids@resource://devtools/server/actors/layout.js:502:26\ngetGrids@resource://devtools/server/actors/layout.js:507:43\ngetGrids@resource://devtools/server/actors/layout.js:507:43\nhandler@resource://devtools/shared/protocol/Actor.js:154:37\nonPacket@resource://devtools/server/debugger-server-connection.js:378:58\nreceiveMessage@resource://devtools/shared/transport/child-transport.js:66:16\n"
SourceActor threw an exception: [Exception... "Component returned failure code: 0x80470002 (NS_BASE_STREAM_CLOSED) [nsIInputStream.available]"  nsresult: "0x80470002 (NS_BASE_STREAM_CLOSED)"  location: "JS frame :: resource://devtools/shared/DevToolsUtils.js :: onResponse :: line 579"  data: no]
Stack: onResponse@resource://devtools/shared/DevToolsUtils.js:579:34
onStopRequest@resource://gre/modules/NetUtil.jsm:128:18
Line: 579, column: 0
console.error: ({})
JavaScript error: resource://devtools/shared/DevToolsUtils.js, line 579: NS_BASE_STREAM_CLOSED: Component returned failure code: 0x80470002 (NS_BASE_STREAM_CLOSED) [nsIInputStream.available]
console.error: "Error while calling actor 'layout's method 'getGrids'" "node is null"
console.error: "getGrids@resource://devtools/server/actors/layout.js:502:26\ngetGrids@resource://devtools/server/actors/layout.js:507:43\ngetGrids@resource://devtools/server/actors/layout.js:507:43\nhandler@resource://devtools/shared/protocol/Actor.js:154:37\nonPacket@resource://devtools/server/debugger-server-connection.js:378:58\nreceiveMessage@resource://devtools/shared/transport/child-transport.js:66:16\n"
IPDL protocol error: Handler returned error code!

###!!! [Parent][DispatchAsyncMessage] Error: PLayerTransaction::Msg_ReleaseLayer Processing error: message was deserialized, but the handler returned false (indicating failure)

[Parent 6944, Gecko_IOThread] WARNING: file z:/task_1579290903/build/src/ipc/chromium/src/base/process_util_win.cc, line 160
1585739042695	Marionette	INFO	Stopped listening on port 54805

###!!! [Child][MessageChannel::SendAndWait] Error: Channel error: cannot send/recv

[2020-04-01T11:04:04Z ERROR bitsdownload::bits_interface::monitor] Unable to dispatch to thread: NS_ERROR_ILLEGAL_DURING_SHUTDOWN
1585739203836	mozrunner::runner	INFO	Running command: "C:\\Program Files\\Mozilla Firefox\\firefox.exe" "-marionette" "-foreground" "-no-remote" "-profile" "C:\\Users\\USAERN~1\\AppData\\Local\\Temp\\rust_mozprofileuqBQow"
1585739205106	addons.webextension.doh-rollout@mozilla.org	WARN	Loading extension 'doh-rollout@mozilla.org': Reading manifest: Invalid extension permission: networkStatus
1585739205432	addons.webextension.screenshots@mozilla.org	WARN	Loading extension 'screenshots@mozilla.org': Reading manifest: Invalid extension permission: mozillaAddons
1585739205432	addons.webextension.screenshots@mozilla.org	WARN	Loading extension 'screenshots@mozilla.org': Reading manifest: Invalid extension permission: telemetry
1585739205433	addons.webextension.screenshots@mozilla.org	WARN	Loading extension 'screenshots@mozilla.org': Reading manifest: Invalid extension permission: resource://pdf.js/
1585739205433	addons.webextension.screenshots@mozilla.org	WARN	Loading extension 'screenshots@mozilla.org': Reading manifest: Invalid extension permission: about:reader*
JavaScript error: resource://gre/modules/XULStore.jsm, line 66: Error: Can't find profile directory.
1585739209541	addons.xpi-utils	WARN	Error: XPI database modified after shutdown began(resource://gre/modules/addons/XPIDatabase.jsm:1478:17) JS Stack trace: saveChanges@XPIDatabase.jsm:1478:17
makeAddonVisible@XPIDatabase.jsm:2281:10
addToDatabase@XPIDatabase.jsm:2208:12
install@XPIInstall.jsm:4343:27
_activateAddon@XPIInstall.jsm:4370:7
1585739209542	addons.xpi-utils	WARN	Error: XPI database modified after shutdown began(resource://gre/modules/addons/XPIDatabase.jsm:1478:17) JS Stack trace: saveChanges@XPIDatabase.jsm:1478:17
addToDatabase@XPIDatabase.jsm:2211:10
install@XPIInstall.jsm:4343:27
_activateAddon@XPIInstall.jsm:4370:7
1585739212279	addons.xpi-utils	WARN	Error: XPI database modified after shutdown began(resource://gre/modules/addons/XPIDatabase.jsm:1478:17) JS Stack trace: saveChanges@XPIDatabase.jsm:1478:17
makeAddonVisible@XPIDatabase.jsm:2281:10
addToDatabase@XPIDatabase.jsm:2208:12
install@XPIInstall.jsm:4343:27
_activateAddon@XPIInstall.jsm:4370:7
1585739212281	addons.xpi-utils	WARN	Error: XPI database modified after shutdown began(resource://gre/modules/addons/XPIDatabase.jsm:1478:17) JS Stack trace: saveChanges@XPIDatabase.jsm:1478:17
addToDatabase@XPIDatabase.jsm:2211:10
install@XPIInstall.jsm:4343:27
_activateAddon@XPIInstall.jsm:4370:7
1585739212347	addons.xpi-utils	WARN	Error: XPI database modified after shutdown began(resource://gre/modules/addons/XPIDatabase.jsm:1478:17) JS Stack trace: saveChanges@XPIDatabase.jsm:1478:17
makeAddonVisible@XPIDatabase.jsm:2281:10
addToDatabase@XPIDatabase.jsm:2208:12
install@XPIInstall.jsm:4343:27
_activateAddon@XPIInstall.jsm:4370:7
1585739212348	addons.xpi-utils	WARN	Error: XPI database modified after shutdown began(resource://gre/modules/addons/XPIDatabase.jsm:1478:17) JS Stack trace: saveChanges@XPIDatabase.jsm:1478:17
addToDatabase@XPIDatabase.jsm:2211:10
install@XPIInstall.jsm:4343:27
_activateAddon@XPIInstall.jsm:4370:7
JavaScript error: resource://gre/modules/DeferredTask.jsm, line 215: Error: Unable to arm timer, the object has been finalized.
[Parent 6064, Gecko_IOThread] WARNING: file z:/task_1579290903/build/src/ipc/chromium/src/base/process_util_win.cc, line 160
1585739286761	mozrunner::runner	INFO	Running command: "C:\\Program Files\\Mozilla Firefox\\firefox.exe" "-marionette" "-foreground" "-no-remote" "-profile" "C:\\Users\\USAERN~1\\AppData\\Local\\Temp\\rust_mozprofileWPmmKM"
1585739288066	addons.webextension.doh-rollout@mozilla.org	WARN	Loading extension 'doh-rollout@mozilla.org': Reading manifest: Invalid extension permission: networkStatus
1585739288402	addons.webextension.screenshots@mozilla.org	WARN	Loading extension 'screenshots@mozilla.org': Reading manifest: Invalid extension permission: mozillaAddons
1585739288402	addons.webextension.screenshots@mozilla.org	WARN	Loading extension 'screenshots@mozilla.org': Reading manifest: Invalid extension permission: telemetry
1585739288403	addons.webextension.screenshots@mozilla.org	WARN	Loading extension 'screenshots@mozilla.org': Reading manifest: Invalid extension permission: resource://pdf.js/
1585739288403	addons.webextension.screenshots@mozilla.org	WARN	Loading extension 'screenshots@mozilla.org': Reading manifest: Invalid extension permission: about:reader*
JavaScript error: resource://gre/modules/XULStore.jsm, line 66: Error: Can't find profile directory.
1585739292848	Marionette	INFO	Listening on port 55255
1585739293156	Marionette	WARN	TLS certificate errors will be ignored for this session
1585739293181	Marionette	INFO	Proxy settings initialised: {"proxyType":"manual","ftpProxy":"136.244.102.208:3128","httpProxy":"136.244.102.208:3128","sslProxy":"136.244.102.208:3128"}
JavaScript error: resource://gre/actors/AutoCompleteChild.jsm, line 196: Error: Invalid autocomplete selectedIndex
JavaScript error: resource://gre/actors/AutoCompleteChild.jsm, line 196: Error: Invalid autocomplete selectedIndex
JavaScript error: resource://gre/modules/LoginManagerChild.jsm, line 179: NS_ERROR_XPC_JAVASCRIPT_ERROR_WITH_DETAILS: [JavaScript Error: "Invalid autocomplete selectedIndex" {file: "resource://gre/actors/AutoCompleteChild.jsm" line: 196}]'[JavaScript Error: "Invalid autocomplete selectedIndex" {file: "resource://gre/actors/AutoCompleteChild.jsm" line: 196}]' when calling method: [nsIAutoCompletePopup::selectedIndex]
console.warn: LoginRecipes: "getRecipes: falling back to a synchronous message for:" "https://www.instagram.com"
[Parent 8112, Gecko_IOThread] WARNING: file z:/task_1579290903/build/src/ipc/chromium/src/base/process_util_win.cc, line 160
1585739423132	Marionette	INFO	Stopped listening on port 55255
[2020-04-01T11:10:25Z ERROR bitsdownload::bits_interface::monitor] Unable to dispatch to thread: NS_ERROR_ILLEGAL_DURING_SHUTDOWN
zilla.org': Reading manifest: Invalid extension permission: networkStatus
1585739410261	addons.webextension.screenshots@mozilla.org	WARN	Loading extension 'screenshots@mozilla.org': Reading manifest: Invalid extension permission: mozillaAddons
1585739410262	addons.webextension.screenshots@mozilla.org	WARN	Loading extension 'screenshots@mozilla.org': Reading manifest: Invalid extension permission: telemetry
1585739410262	addons.webextension.screenshots@mozilla.org	WARN	Loading extension 'screenshots@mozilla.org': Reading manifest: Invalid extension permission: resource://pdf.js/
1585739410263	addons.webextension.screenshots@mozilla.org	WARN	Loading extension 'screenshots@mozilla.org': Reading manifest: Invalid extension permission: about:reader*
JavaScript error: resource://gre/modules/XULStore.jsm, line 66: Error: Can't find profile directory.
1585739415123	Marionette	INFO	Listening on port 55325
[Parent 1796, Gecko_IOThread] WARNING: file z:/task_1579290903/build/src/ipc/chromium/src/base/process_util_win.cc, line 160
1585739426187	Marionette	INFO	Stopped listening on port 55325

###!!! [Child][RunMessage] Error: Channel closing: too late to send/recv, messages will be lost

1585739451365	mozrunner::runner	INFO	Running command: "C:\\Program Files\\Mozilla Firefox\\firefox.exe" "-marionette" "-foreground" "-no-remote" "-profile" "C:\\Users\\USAERN~1\\AppData\\Local\\Temp\\rust_mozprofile6OE8eV"
1585739452629	addons.webextension.doh-rollout@mozilla.org	WARN	Loading extension 'doh-rollout@mozilla.org': Reading manifest: Invalid extension permission: networkStatus
1585739452903	addons.webextension.screenshots@mozilla.org	WARN	Loading extension 'screenshots@mozilla.org': Reading manifest: Invalid extension permission: mozillaAddons
1585739452904	addons.webextension.screenshots@mozilla.org	WARN	Loading extension 'screenshots@mozilla.org': Reading manifest: Invalid extension permission: telemetry
1585739452904	addons.webextension.screenshots@mozilla.org	WARN	Loading extension 'screenshots@mozilla.org': Reading manifest: Invalid extension permission: resource://pdf.js/
1585739452904	addons.webextension.screenshots@mozilla.org	WARN	Loading extension 'screenshots@mozilla.org': Reading manifest: Invalid extension permission: about:reader*
JavaScript error: resource://gre/modules/XULStore.jsm, line 66: Error: Can't find profile directory.
1585739457440	Marionette	INFO	Listening on port 55363
1585739457680	Marionette	WARN	TLS certificate errors will be ignored for this session
1585739457705	Marionette	INFO	Proxy settings initialised: {"proxyType":"manual","ftpProxy":"136.244.102.208:3128","httpProxy":"136.244.102.208:3128","sslProxy":"136.244.102.208:3128"}
console.warn: LoginRecipes: "getRecipes: falling back to a synchronous message for:" "https://www.instagram.com"
1585739525266	mozrunner::runner	INFO	Running command: "C:\\Program Files\\Mozilla Firefox\\firefox.ex[Parent 6216, Gecko_IOThread] WARNING: file z:/task_1579290903/build/src/ipc/chromium/src/base/process_util_win.cc, line 115851585739528388	Marionette	INFO	Stopped listening on port 55363
[2020-04-01T11:12:10Z ERROR bitsdownload::bits_interface::monitor] Unable to dispatch to thread: NS_ERROR_ILLEGAL_DURING_SHUTDOWN
tension.screenshots@mozilla.org	WARN	Loading extension 'screenshots@mozilla.org': Reading manifest: Invalid extension permission: mozillaAddons
1585739527846	addons.webextension.screenshots@mozilla.org	WARN	Loading extension 'screenshots@mozilla.org': Reading manifest: Invalid extension permission: telemetry
1585739527847	addons.webextension.screenshots@mozilla.org	WARN	Loading extension 'screenshots@mozilla.org': Reading manifest: Invalid extension permission: resource://pdf.js/
1585739527847	addons.webextension.screenshots@mozilla.org	WARN	Loading extension 'screenshots@mozilla.org': Reading manifest: Invalid extension permission: about:reader*
JavaScript error: resource://gre/modules/XULStore.jsm, line 66: Error: Can't find profile directory.
1585739534318	Marionette	INFO	Listening on port 55429
1585739534562	Marionette	WARN	TLS certificate errors will be ignored for this session
1585739534589	Marionette	INFO	Proxy settings initialised: {"proxyType":"manual","ftpProxy":"136.244.102.208:3128","httpProxy":"136.244.102.208:3128","sslProxy":"136.244.102.208:3128"}
[Parent 6520, Gecko_IOThread] WARNING: file z:/task_1579290903/build/src/ipc/chromium/src/base/process_util_win.cc, line 160
1585739605133	Marionette	INFO	Stopped listening on port 55429

###!!! [Child][RunMessage] Error: Channel closing: too late to send/recv, messages will be lost

[2020-04-01T11:13:26Z ERROR bitsdownload::bits_interface::monitor] Unable to dispatch to thread: NS_ERROR_ILLEGAL_DURING_SHUTDOWN
1585739936179	mozrunner::runner	INFO	Running command: "C:\\Program Files\\Mozilla Firefox\\firefox.exe" "-marionette" "-foreground" "-no-remote" "-profile" "C:\\Users\\USAERN~1\\AppData\\Local\\Temp\\rust_mozprofileRQqknO"
1585739937276	addons.webextension.doh-rollout@mozilla.org	WARN	Loading extension 'doh-rollout@mozilla.org': Reading manifest: Invalid extension permission: networkStatus
1585739937496	addons.webextension.screenshots@mozilla.org	WARN	Loading extension 'screenshots@mozilla.org': Reading manifest: Invalid extension permission: mozillaAddons
1585739937496	addons.webextension.screenshots@mozilla.org	WARN	Loading extension 'screenshots@mozilla.org': Reading manifest: Invalid extension permission: telemetry
1585739937497	addons.webextension.screenshots@mozilla.org	WARN	Loading extension 'screenshots@mozilla.org': Reading manifest: Invalid extension permission: resource://pdf.js/
1585739937497	addons.webextension.screenshots@mozilla.org	WARN	Loading extension 'screenshots@mozilla.org': Reading manifest: Invalid extension permission: about:reader*
JavaScript error: resource://gre/modules/XULStore.jsm, line 66: Error: Can't find profile directory.
1585739942450	Marionette	INFO	Listening on port 55542
1585739942798	Marionette	WARN	TLS certificate errors will be ignored for this session
1585739942814	Marionette	INFO	Proxy settings initialised: {"proxyType":"manual","ftpProxy":"82.196.11.105:8080","httpProxy":"82.196.11.105:8080","sslProxy":"82.196.11.105:8080"}
JavaScript error: resource://gre/modules/XULStore.jsm, line 66: Error: Can't find profile directory.
1585739972378	Marionette	INFO	Stopped listening on port 55542

###!!! [Child][RunMessage] Error: Channel closing: too late to send/recv, messages will be lost

1585740009434	mozrunner::runner	INFO	Running command: "C:\\Program Files\\Mozilla Firefox\\firefox.exe" "-marionette" "-foreground" "-no-remote" "-profile" "C:\\Users\\USAERN~1\\AppData\\Local\\Temp\\rust_mozprofileWfbhlT"
1585740041965	mozrunner::runner	INFO	Running command: "C:\\Program Files\\Mozilla Firefox\\firefox.exe" "-marionette" "-foreground" "-no-remote" "-profile" "C:\\Users\\USAERN~1\\AppData\\Local\\Temp\\rust_mozprofiles9zb64"
1585740043753	addons.webextension.doh-rollout@mozilla.org	WARN	Loading extension 'doh-rollout@mozilla.org': Reading manifest: Invalid extension permission: networkStatus
1585740045711	addons.webextension.screenshots@mozilla.org	WARN	Loading extension 'screenshots@mozilla.org': Reading manifest: Invalid extension permission: mozillaAddons
1585740045712	addons.webextension.screenshots@mozilla.org	WARN	Loading extension 'screenshots@mozilla.org': Reading manifest: Invalid extension permission: telemetry
1585740045712	addons.webextension.screenshots@mozilla.org	WARN	Loading extension 'screenshots@mozilla.org': Reading manifest: Invalid extension permission: resource://pdf.js/
1585740045712	addons.webextension.screenshots@mozilla.org	WARN	Loading extension 'screenshots@mozilla.org': Reading manifest: Invalid extension permission: about:reader*
JavaScript error: resource://gre/modules/XULStore.jsm, line 66: Error: Can't find profile directory.
1585740049817	Marionette	INFO	Listening on port 55620
1585740049937	Marionette	WARN	TLS certificate errors will be ignored for this session
1585740049952	Marionette	INFO	Proxy settings initialised: {"proxyType":"manual","ftpProxy":"102.164.248.157:8080","httpProxy":"102.164.248.157:8080","sslProxy":"102.164.248.157:8080"}
JavaScript error: chrome://marionette/content/proxy.js, line 222: TypeError: this.browser.driver.dialogObserver is null

###!!! [Child][RunMessage] Error: Channel closing: too late to send/recv, messages will be lost

1585740153162	Marionette	INFO	Stopped listening on port 55620
1585740189509	mozrunner::runner	INFO	Running command: "C:\\Program Files\\Mozilla Firefox\\firefox.exe" "-marionette" "-foreground" "-no-remote" "-profile" "C:\\Users\\USAERN~1\\AppData\\Local\\Temp\\rust_mozprofileEciAoz"
1585740190733	addons.webextension.doh-rollout@mozilla.org	WARN	Loading extension 'doh-rollout@mozilla.org': Reading manifest: Invalid extension permission: networkStatus
1585740192678	addons.webextension.screenshots@mozilla.org	WARN	Loading extension 'screenshots@mozilla.org': Reading manifest: Invalid extension permission: mozillaAddons
1585740192678	addons.webextension.screenshots@mozilla.org	WARN	Loading extension 'screenshots@mozilla.org': Reading manifest: Invalid extension permission: telemetry
1585740192679	addons.webextension.screenshots@mozilla.org	WARN	Loading extension 'screenshots@mozilla.org': Reading manifest: Invalid extension permission: resource://pdf.js/
1585740192679	addons.webextension.screenshots@mozilla.org	WARN	Loading extension 'screenshots@mozilla.org': Reading manifest: Invalid extension permission: about:reader*
JavaScript error: resource://gre/modules/XULStore.jsm, line 66: Error: Can't find profile directory.
1585740196605	Marionette	INFO	Listening on port 55697
1585740197039	Marionette	WARN	TLS certificate errors will be ignored for this session
1585740197052	Marionette	INFO	Proxy settings initialised: {"proxyType":"manual","ftpProxy":"189.57.62.146:80","httpProxy":"189.57.62.146:80","sslProxy":"189.57.62.146:80"}
[Parent 7544, Gecko_IOThread] WARNING: file z:/task_1583748103/build/src/ipc/chromium/src/base/process_util_win.cc, line 160
1585740582452	Marionette	INFO	Stopped listening on port 55697

###!!! [Child][RunMessage] Error: Channel closing: too late to send/recv, messages will be lost

1585742886388	mozrunner::runner	INFO	Running command: "C:\\Program Files\\Mozilla Firefox\\firefox.exe" "-marionette" "-foreground" "-no-remote" "-profile" "C:\\Users\\USAERN~1\\AppData\\Local\\Temp\\rust_mozprofile7JhLmg"
1585742887864	addons.webextension.doh-rollout@mozilla.org	WARN	Loading extension 'doh-rollout@mozilla.org': Reading manifest: Invalid extension permission: networkStatus
1585742890561	addons.webextension.screenshots@mozilla.org	WARN	Loading extension 'screenshots@mozilla.org': Reading manifest: Invalid extension permission: mozillaAddons
1585742890561	addons.webextension.screenshots@mozilla.org	WARN	Loading extension 'screenshots@mozilla.org': Reading manifest: Invalid extension permission: telemetry
1585742890562	addons.webextension.screenshots@mozilla.org	WARN	Loading extension 'screenshots@mozilla.org': Reading manifest: Invalid extension permission: resource://pdf.js/
1585742890562	addons.webextension.screenshots@mozilla.org	WARN	Loading extension 'screenshots@mozilla.org': Reading manifest: Invalid extension permission: about:reader*
JavaScript error: resource://gre/modules/XULStore.jsm, line 66: Error: Can't find profile directory.
1585742896303	Marionette	INFO	Listening on port 56329
1585742896755	Marionette	WARN	TLS certificate errors will be ignored for this session
1585742896769	Marionette	INFO	Proxy settings initialised: {"proxyType":"manual","ftpProxy":"144.91.116.171:443","httpProxy":"144.91.116.171:443","sslProxy":"144.91.116.171:443"}
JavaScript error: resource://gre/modules/XULStore.jsm, line 66: Error: Can't find profile directory.
1585743080033	Marionette	INFO	Stopped listening on port 56329

###!!! [Child][MessageChannel::SendAndWait] Error: (msgtype=0x5D0005,name=PImageBridge::Msg_WillClose) Channel error: cannot send/recv

t_mozprofileq7aZME"
1585743079610	addons.webextension.doh-rollout@mozilla.org	WARN	Loading extension 'doh-rollout@mozilla.org': Reading manifest: Invalid extension permission: networkStatus
1585743083384	addons.webextension.screenshots@mozilla.org	WARN	Loading extension 'screenshots@mozilla.org': Reading manifest: Invalid extension permission: mozillaAddons
1585743083384	addons.webextension.screenshots@mozilla.org	WARN	Loading extension 'screenshots@mozilla.org': Reading manifest: Invalid extension permission: telemetry
1585743083384	addons.webextension.screenshots@mozilla.org	WARN	Loading extension 'screenshots@mozilla.org': Reading manifest: Invalid extension permission: resource://pdf.js/
1585743083384	addons.webextension.screenshots@mozilla.org	WARN	Loading extension 'screenshots@mozilla.org': Reading manifest: Invalid extension permission: about:reader*
JavaScript error: resource://gre/modules/XULStore.jsm, line 66: Error: Can't find profile directory.
1585743088879	Marionette	INFO	Listening on port 56602
1585743089283	Marionette	WARN	TLS certificate errors will be ignored for this session
1585743089296	Marionette	INFO	Proxy settings initialised: {"proxyType":"manual","ftpProxy":"118.200.73.124:8080","httpProxy":"118.200.73.124:8080","sslProxy":"118.200.73.124:8080"}
JavaScript error: chrome://browser/content/aboutNetError.js, line 277: InvalidStateError: An attempt was made to use an object that is not, or is no longer, usable
1585745910210	Marionette	INFO	Stopped listening on port 56602

###!!! [Child][RunMessage] Error: Channel closing: too late to send/recv, messages will be lost

1585753425758	mozrunner::runner	INFO	Running command: "C:\\Program Files\\Mozilla Firefox\\firefox.exe" "-marionette" "-foreground" "-no-remote" "-profile" "C:\\Users\\USAERN~1\\AppData\\Local\\Temp\\rust_mozprofileyV1eTa"
1585753428879	addons.webextension.doh-rollout@mozilla.org	WARN	Loading extension 'doh-rollout@mozilla.org': Reading manifest: Invalid extension permission: networkStatus
1585753431011	addons.webextension.screenshots@mozilla.org	WARN	Loading extension 'screenshots@mozilla.org': Reading manifest: Invalid extension permission: mozillaAddons
1585753431011	addons.webextension.screenshots@mozilla.org	WARN	Loading extension 'screenshots@mozilla.org': Reading manifest: Invalid extension permission: telemetry
1585753431011	addons.webextension.screenshots@mozilla.org	WARN	Loading extension 'screenshots@mozilla.org': Reading manifest: Invalid extension permission: resource://pdf.js/
1585753431011	addons.webextension.screenshots@mozilla.org	WARN	Loading extension 'screenshots@mozilla.org': Reading manifest: Invalid extension permission: about:reader*
JavaScript error: resource://gre/modules/XULStore.jsm, line 66: Error: Can't find profile directory.
1585753437322	Marionette	INFO	Listening on port 59316
1585753437520	Marionette	WARN	TLS certificate errors will be ignored for this session
1585753437543	Marionette	INFO	Proxy settings initialised: {"proxyType":"manual","ftpProxy":"118.200.73.124:8080","httpProxy":"118.200.73.124:8080","sslProxy":"118.200.73.124:8080"}
JavaScript error: chrome://marionette/content/proxy.js, line 222: TypeError: this.browser.driver.dialogObserver is null
[Parent 4048, Gecko_IOThread] WARNING: file z:/task_1583748103/build/src/ipc/chromium/src/base/process_util_win.cc, line 160
1585753471944	Marionette	INFO	Stopped listening on port 59316
1585753642845	mozrunner::runner	INFO	Running command: "C:\\Program Files\\Mozilla Firefox\\firefox.exe" "-marionette" "-foreground" "-no-remote" "-profile" "C:\\Users\\USAERN~1\\AppData\\Local\\Temp\\rust_mozprofileDutRu9"
1585753644326	addons.webextension.doh-rollout@mozilla.org	WARN	Loading extension 'doh-rollout@mozilla.org': Reading manifest: Invalid extension permission: networkStatus
1585753646509	addons.webextension.screenshots@mozilla.org	WARN	Loading extension 'screenshots@mozilla.org': Reading manifest: Invalid extension permission: mozillaAddons
1585753646509	addons.webextension.screenshots@mozilla.org	WARN	Loading extension 'screenshots@mozilla.org': Reading manifest: Invalid extension permission: telemetry
1585753646509	addons.webextension.screenshots@mozilla.org	WARN	Loading extension 'screenshots@mozilla.org': Reading manifest: Invalid extension permission: resource://pdf.js/
1585753646510	addons.webextension.screenshots@mozilla.org	WARN	Loading extension 'screenshots@mozilla.org': Reading manifest: Invalid extension permission: about:reader*
JavaScript error: resource://gre/modules/XULStore.jsm, line 66: Error: Can't find profile directory.
1585753651494	Marionette	INFO	Listening on port 59688
1585753651843	Marionette	WARN	TLS certificate errors will be ignored for this session
1585753651868	Marionette	INFO	Proxy settings initialised: {"proxyType":"manual","ftpProxy":"165.227.77.10:3128","httpProxy":"165.227.77.10:3128","sslProxy":"165.227.77.10:3128"}
1585753661946	Marionette	INFO	Stopped listening on port 59688

###!!! [Child][RunMessage] Error: Channel closing: too late to send/recv, messages will be lost

1585757914927	mozrunner::runner	INFO	Running command: "C:\\Program Files\\Mozilla Firefox\\firefox.exe" "-marionette" "-foreground" "-no-remote" "-profile" "C:\\Users\\USAERN~1\\AppData\\Local\\Temp\\rust_mozprofilecjRr5Y"
1585757916491	addons.webextension.doh-rollout@mozilla.org	WARN	Loading extension 'doh-rollout@mozilla.org': Reading manifest: Invalid extension permission: networkStatus
1585757918578	addons.webextension.screenshots@mozilla.org	WARN	Loading extension 'screenshots@mozilla.org': Reading manifest: Invalid extension permission: mozillaAddons
1585757918579	addons.webextension.screenshots@mozilla.org	WARN	Loading extension 'screenshots@mozilla.org': Reading manifest: Invalid extension permission: telemetry
1585757918579	addons.webextension.screenshots@mozilla.org	WARN	Loading extension 'screenshots@mozilla.org': Reading manifest: Invalid extension permission: resource://pdf.js/
1585757918580	addons.webextension.screenshots@mozilla.org	WARN	Loading extension 'screenshots@mozilla.org': Reading manifest: Invalid extension permission: about:reader*
JavaScript error: resource://gre/modules/XULStore.jsm, line 66: Error: Can't find profile directory.
1585757924030	Marionette	INFO	Listening on port 60218
1585757924161	Marionette	WARN	TLS certificate errors will be ignored for this session
1585757986964	mozrunner::runner	INFO	Running command: "C:\\Program Files\\Mozilla Firefox\\firefox.exe" "-marionette" "-foreground" "-no-remote" "-profile" "C:\\Users\\USAERN~1\\AppData\\Local\\Temp\\rust_mozprofileHZSuNS"
1585757988389	addons.webextension.doh-rollout@mozilla.org	WARN	Loading extension 'doh-rollout@mozilla.org': Reading manifest: Invalid extension permission: networkStatus
1585757990665	addons.webextension.screenshots@mozilla.org	WARN	Loading extension 'screenshots@mozilla.org': Reading manifest: Invalid extension permission: mozillaAddons
1585757990665	addons.webextension.screenshots@mozilla.org	WARN	Loading extension 'screenshots@mozilla.org': Reading manifest: Invalid extension permission: telemetry
1585757990666	addons.webextension.screenshots@mozilla.org	WARN	Loading extension 'screenshots@mozilla.org': Reading manifest: Invalid extension permission: resource://pdf.js/
1585757990666	addons.webextension.screenshots@mozilla.org	WARN	Loading extension 'screenshots@mozilla.org': Reading manifest: Invalid extension permission: about:reader*
JavaScript error: resource://gre/modules/XULStore.jsm, line 66: Error: Can't find profile directory.
1585757995875	Marionette	INFO	Listening on port 60313
1585757996068	Marionette	WARN	TLS certificate errors will be ignored for this session
[Parent 7404, Gecko_IOThread] WARNING: file z:/task_1583748103/build/src/ipc/chromium/src/base/process_util_win.cc, line 160
1585758300423	Marionette	INFO	Stopped listening on port 60313

###!!! [Child][RunMessage] Error: Channel closing: too late to send/recv, messages will be lost

1585758369660	mozrunner::runner	INFO	Running command: "C:\\Program Files\\Mozilla Firefox\\firefox.exe" "-marionette" "-foreground" "-no-remote" "-profile" "C:\\Users\\USAERN~1\\AppData\\Local\\Temp\\rust_mozprofileU6mKE4"
1585758371901	addons.webextension.doh-rollout@mozilla.org	WARN	Loading extension 'doh-rollout@mozilla.org': Reading manifest: Invalid extension permission: networkStatus
1585758373991	addons.webextension.screenshots@mozilla.org	WARN	Loading extension 'screenshots@mozilla.org': Reading manifest: Invalid extension permission: mozillaAddons
1585758373992	addons.webextension.screenshots@mozilla.org	WARN	Loading extension 'screenshots@mozilla.org': Reading manifest: Invalid extension permission: telemetry
1585758373992	addons.webextension.screenshots@mozilla.org	WARN	Loading extension 'screenshots@mozilla.org': Reading manifest: Invalid extension permission: resource://pdf.js/
1585758373993	addons.webextension.screenshots@mozilla.org	WARN	Loading extension 'screenshots@mozilla.org': Reading manifest: Invalid extension permission: about:reader*
JavaScript error: resource://gre/modules/XULStore.jsm, line 66: Error: Can't find profile directory.
1585758379922	Marionette	INFO	Listening on port 60653
1585758380112	Marionette	WARN	TLS certificate errors will be ignored for this session
[Parent 6284, Gecko_IOThread] WARNING: file z:/task_1583748103/build/src/ipc/chromium/src/base/process_util_win.cc, line 160
1585760565550	Marionette	INFO	Stopped listening on port 60653

###!!! [Child][RunMessage] Error: Channel closing: too late to send/recv, messages will be lost

